Pig Stack Trace
---------------
ERROR 1039: 
<file process.pig, line 22, column 10> (Name: Subtract Type: null Uid: null)incompatible types in Subtract Operator left hand side:bag :tuple(:NULL)  right hand side:int

org.apache.pig.impl.logicalLayer.FrontendException: ERROR 1066: Unable to open iterator for alias regex_movies
	at org.apache.pig.PigServer.openIterator(PigServer.java:882)
	at org.apache.pig.tools.grunt.GruntParser.processDump(GruntParser.java:774)
	at org.apache.pig.tools.pigscript.parser.PigScriptParser.parse(PigScriptParser.java:372)
	at org.apache.pig.tools.grunt.GruntParser.parseStopOnError(GruntParser.java:198)
	at org.apache.pig.tools.grunt.GruntParser.parseStopOnError(GruntParser.java:173)
	at org.apache.pig.tools.grunt.Grunt.exec(Grunt.java:84)
	at org.apache.pig.Main.run(Main.java:478)
	at org.apache.pig.Main.main(Main.java:156)
	at sun.reflect.NativeMethodAccessorImpl.invoke0(Native Method)
	at sun.reflect.NativeMethodAccessorImpl.invoke(NativeMethodAccessorImpl.java:57)
	at sun.reflect.DelegatingMethodAccessorImpl.invoke(DelegatingMethodAccessorImpl.java:43)
	at java.lang.reflect.Method.invoke(Method.java:606)
	at org.apache.hadoop.util.RunJar.main(RunJar.java:212)
Caused by: org.apache.pig.PigException: ERROR 1002: Unable to store alias regex_movies
	at org.apache.pig.PigServer.storeEx(PigServer.java:984)
	at org.apache.pig.PigServer.store(PigServer.java:944)
	at org.apache.pig.PigServer.openIterator(PigServer.java:857)
	... 12 more
Caused by: org.apache.pig.impl.logicalLayer.validators.TypeCheckerException: ERROR 1059: 
<file process.pig, line 20, column 15> Problem while reconciling output schema of ForEach
	at org.apache.pig.newplan.logical.visitor.TypeCheckingRelVisitor.throwTypeCheckerException(TypeCheckingRelVisitor.java:142)
	at org.apache.pig.newplan.logical.visitor.TypeCheckingRelVisitor.visit(TypeCheckingRelVisitor.java:182)
	at org.apache.pig.newplan.logical.relational.LOForEach.accept(LOForEach.java:76)
	at org.apache.pig.newplan.DependencyOrderWalker.walk(DependencyOrderWalker.java:75)
	at org.apache.pig.newplan.PlanVisitor.visit(PlanVisitor.java:52)
	at org.apache.pig.PigServer$Graph.compile(PigServer.java:1733)
	at org.apache.pig.PigServer$Graph.compile(PigServer.java:1710)
	at org.apache.pig.PigServer$Graph.access$200(PigServer.java:1411)
	at org.apache.pig.PigServer.storeEx(PigServer.java:979)
	... 14 more
Caused by: org.apache.pig.impl.logicalLayer.validators.TypeCheckerException: ERROR 1039: 
<file process.pig, line 22, column 10> (Name: Subtract Type: null Uid: null)incompatible types in Subtract Operator left hand side:bag :tuple(:NULL)  right hand side:int
	at org.apache.pig.newplan.logical.visitor.TypeCheckingExpVisitor.addCastsToNumericBinExpression(TypeCheckingExpVisitor.java:169)
	at org.apache.pig.newplan.logical.visitor.TypeCheckingExpVisitor.visit(TypeCheckingExpVisitor.java:108)
	at org.apache.pig.newplan.logical.expression.SubtractExpression.accept(SubtractExpression.java:54)
	at org.apache.pig.newplan.ReverseDependencyOrderWalker.walk(ReverseDependencyOrderWalker.java:70)
	at org.apache.pig.newplan.PlanVisitor.visit(PlanVisitor.java:52)
	at org.apache.pig.newplan.logical.visitor.TypeCheckingRelVisitor.visitExpressionPlan(TypeCheckingRelVisitor.java:191)
	at org.apache.pig.newplan.logical.visitor.TypeCheckingRelVisitor.visit(TypeCheckingRelVisitor.java:157)
	at org.apache.pig.newplan.logical.relational.LOGenerate.accept(LOGenerate.java:245)
	at org.apache.pig.newplan.DependencyOrderWalker.walk(DependencyOrderWalker.java:75)
	at org.apache.pig.newplan.PlanVisitor.visit(PlanVisitor.java:52)
	at org.apache.pig.newplan.logical.visitor.TypeCheckingRelVisitor.visit(TypeCheckingRelVisitor.java:174)
	... 21 more
================================================================================
